<?xml version="1.0" encoding="UTF-8"?>
<!-- Generated by org.testng.reporters.JUnitXMLReporter -->
<testsuite ignored="0" hostname="DESKTOP-UV55T36" failures="0" tests="4" name="Test" time="17.976" errors="0" timestamp="2025-03-25T09:28:29 IST">
  <testcase classname="Tests.Test3" name="@BeforeClass set" time="-1.742875096296E9">
    <failure type="org.testng.TestNGException" message="
Parameter &amp;apos;browser&amp;apos; is required by BeforeClass on method set but has not been marked @Optional or defined
in C:\Users\DELL\eclipse-workspace\TestNG2\testngtt.xml">
      <![CDATA[org.testng.TestNGException: 
Parameter 'browser' is required by BeforeClass on method set but has not been marked @Optional or defined
in C:\Users\DELL\eclipse-workspace\TestNG2\testngtt.xml
at java.base/java.util.ArrayList.forEach(ArrayList.java:1597)
at java.base/java.util.concurrent.FutureTask.run(FutureTask.java:317)
at java.base/java.util.concurrent.ThreadPoolExecutor.runWorker(ThreadPoolExecutor.java:1144)
at java.base/java.util.concurrent.ThreadPoolExecutor$Worker.run(ThreadPoolExecutor.java:642)
at java.base/java.lang.Thread.run(Thread.java:1575)
... Removed 12 stack frames]]>
    </failure>
  </testcase> <!-- @BeforeClass set -->
  <testcase classname="Tests.Test3" name="@AfterClass down" time="0.0">
    <skipped/>
  </testcase> <!-- @AfterClass down -->
  <testcase classname="Tests.TestDemo" name="test" time="0.269"/>
  <testcase classname="Tests.Test3" name="test" time="0.001">
    <skipped/>
  </testcase> <!-- test -->
  <testcase classname="Tests2.hh" name="tt" time="0.005"/>
  <testcase classname="Tests2.MyTest" name="te" time="3.007"/>
</testsuite> <!-- Test -->
