<?xml version="1.0" encoding="UTF-8"?>
<testng-results ignored="0" total="4" passed="3" failed="0" skipped="1">
  <reporter-output>
  </reporter-output>
  <suite started-at="2025-03-25T09:28:10 IST" name="Suite" finished-at="2025-03-25T09:28:28 IST" duration-ms="17976">
    <groups>
    </groups>
    <test started-at="2025-03-25T09:28:10 IST" name="Test" finished-at="2025-03-25T09:28:28 IST" duration-ms="17976">
      <class name="Tests.Test3">
        <test-method is-config="true" signature="set(java.lang.String)[pri:0, instance:Tests.Test3@1fb700ee]" started-at="2025-03-25T09:28:16 IST" name="set" finished-at="1970-01-01T05:30:00 IST" duration-ms="-1742875096296" status="FAIL">
          <exception class="org.testng.TestNGException">
            <message>
              <![CDATA[
Parameter 'browser' is required by BeforeClass on method set but has not been marked @Optional or defined
in C:\Users\DELL\eclipse-workspace\TestNG2\testngtt.xml]]>
            </message>
            <full-stacktrace>
              <![CDATA[org.testng.TestNGException: 
Parameter 'browser' is required by BeforeClass on method set but has not been marked @Optional or defined
in C:\Users\DELL\eclipse-workspace\TestNG2\testngtt.xml
at org.testng.internal.Parameters.createParams(Parameters.java:264)
at org.testng.internal.Parameters.createParametersForMethod(Parameters.java:352)
at org.testng.internal.Parameters.createParameters(Parameters.java:690)
at org.testng.internal.Parameters.createConfigurationParameters(Parameters.java:163)
at org.testng.internal.invokers.ConfigInvoker.invokeConfigurations(ConfigInvoker.java:313)
at org.testng.internal.invokers.TestMethodWorker.invokeBeforeClassMethods(TestMethodWorker.java:188)
at org.testng.internal.invokers.TestMethodWorker.run(TestMethodWorker.java:128)
at java.base/java.util.ArrayList.forEach(ArrayList.java:1597)
at org.testng.TestRunner.privateRun(TestRunner.java:739)
at org.testng.TestRunner.run(TestRunner.java:614)
at org.testng.SuiteRunner.runTest(SuiteRunner.java:421)
at org.testng.SuiteRunner$SuiteWorker.run(SuiteRunner.java:463)
at org.testng.internal.thread.ThreadUtil.lambda$execute$0(ThreadUtil.java:64)
at java.base/java.util.concurrent.FutureTask.run(FutureTask.java:317)
at java.base/java.util.concurrent.ThreadPoolExecutor.runWorker(ThreadPoolExecutor.java:1144)
at java.base/java.util.concurrent.ThreadPoolExecutor$Worker.run(ThreadPoolExecutor.java:642)
at java.base/java.lang.Thread.run(Thread.java:1575)
]]>
            </full-stacktrace>
          </exception> <!-- org.testng.TestNGException -->
          <reporter-output>
          </reporter-output>
        </test-method> <!-- set -->
        <test-method signature="test()[pri:0, instance:Tests.Test3@1fb700ee]" started-at="2025-03-25T09:28:16 IST" name="test" finished-at="2025-03-25T09:28:16 IST" duration-ms="1" status="SKIP">
          <exception class="org.testng.TestNGException">
            <message>
              <![CDATA[
Parameter 'browser' is required by BeforeClass on method set but has not been marked @Optional or defined
in C:\Users\DELL\eclipse-workspace\TestNG2\testngtt.xml]]>
            </message>
            <full-stacktrace>
              <![CDATA[org.testng.TestNGException: 
Parameter 'browser' is required by BeforeClass on method set but has not been marked @Optional or defined
in C:\Users\DELL\eclipse-workspace\TestNG2\testngtt.xml
at org.testng.internal.Parameters.createParams(Parameters.java:264)
at org.testng.internal.Parameters.createParametersForMethod(Parameters.java:352)
at org.testng.internal.Parameters.createParameters(Parameters.java:690)
at org.testng.internal.Parameters.createConfigurationParameters(Parameters.java:163)
at org.testng.internal.invokers.ConfigInvoker.invokeConfigurations(ConfigInvoker.java:313)
at org.testng.internal.invokers.TestMethodWorker.invokeBeforeClassMethods(TestMethodWorker.java:188)
at org.testng.internal.invokers.TestMethodWorker.run(TestMethodWorker.java:128)
at java.base/java.util.ArrayList.forEach(ArrayList.java:1597)
at org.testng.TestRunner.privateRun(TestRunner.java:739)
at org.testng.TestRunner.run(TestRunner.java:614)
at org.testng.SuiteRunner.runTest(SuiteRunner.java:421)
at org.testng.SuiteRunner$SuiteWorker.run(SuiteRunner.java:463)
at org.testng.internal.thread.ThreadUtil.lambda$execute$0(ThreadUtil.java:64)
at java.base/java.util.concurrent.FutureTask.run(FutureTask.java:317)
at java.base/java.util.concurrent.ThreadPoolExecutor.runWorker(ThreadPoolExecutor.java:1144)
at java.base/java.util.concurrent.ThreadPoolExecutor$Worker.run(ThreadPoolExecutor.java:642)
at java.base/java.lang.Thread.run(Thread.java:1575)
]]>
            </full-stacktrace>
          </exception> <!-- org.testng.TestNGException -->
          <reporter-output>
          </reporter-output>
        </test-method> <!-- test -->
        <test-method is-config="true" signature="down()[pri:0, instance:Tests.Test3@1fb700ee]" started-at="2025-03-25T09:28:16 IST" name="down" finished-at="2025-03-25T09:28:16 IST" duration-ms="0" status="SKIP">
          <reporter-output>
          </reporter-output>
        </test-method> <!-- down -->
      </class> <!-- Tests.Test3 -->
      <class name="Tests2.hh">
        <test-method is-config="true" signature="set()[pri:0, instance:Tests2.hh@4f67eb2a]" started-at="2025-03-25T09:28:16 IST" name="set" finished-at="2025-03-25T09:28:20 IST" duration-ms="4534" status="PASS">
          <reporter-output>
          </reporter-output>
        </test-method> <!-- set -->
        <test-method signature="tt()[pri:0, instance:Tests2.hh@4f67eb2a]" started-at="2025-03-25T09:28:20 IST" name="tt" finished-at="2025-03-25T09:28:20 IST" duration-ms="5" status="PASS">
          <reporter-output>
          </reporter-output>
        </test-method> <!-- tt -->
        <test-method is-config="true" signature="down()[pri:0, instance:Tests2.hh@4f67eb2a]" started-at="2025-03-25T09:28:21 IST" name="down" finished-at="2025-03-25T09:28:21 IST" duration-ms="2" status="PASS">
          <reporter-output>
          </reporter-output>
        </test-method> <!-- down -->
      </class> <!-- Tests2.hh -->
      <class name="Tests.TestDemo">
        <test-method is-config="true" signature="set()[pri:0, instance:Tests.TestDemo@c03cf28]" started-at="2025-03-25T09:28:10 IST" name="set" finished-at="2025-03-25T09:28:15 IST" duration-ms="5029" status="PASS">
          <reporter-output>
          </reporter-output>
        </test-method> <!-- set -->
        <test-method signature="test()[pri:0, instance:Tests.TestDemo@c03cf28]" started-at="2025-03-25T09:28:15 IST" name="test" finished-at="2025-03-25T09:28:16 IST" duration-ms="269" status="PASS">
          <reporter-output>
          </reporter-output>
        </test-method> <!-- test -->
        <test-method is-config="true" signature="down()[pri:0, instance:Tests.TestDemo@c03cf28]" started-at="2025-03-25T09:28:16 IST" name="down" finished-at="2025-03-25T09:28:16 IST" duration-ms="1" status="PASS">
          <reporter-output>
          </reporter-output>
        </test-method> <!-- down -->
      </class> <!-- Tests.TestDemo -->
      <class name="Tests2.MyTest">
        <test-method is-config="true" signature="set()[pri:0, instance:Tests2.MyTest@4a668b6e]" started-at="2025-03-25T09:28:21 IST" name="set" finished-at="2025-03-25T09:28:25 IST" duration-ms="3963" status="PASS">
          <reporter-output>
          </reporter-output>
        </test-method> <!-- set -->
        <test-method signature="te()[pri:0, instance:Tests2.MyTest@4a668b6e]" started-at="2025-03-25T09:28:25 IST" name="te" finished-at="2025-03-25T09:28:28 IST" duration-ms="3007" status="PASS">
          <reporter-output>
          </reporter-output>
        </test-method> <!-- te -->
        <test-method is-config="true" signature="down()[pri:0, instance:Tests2.MyTest@4a668b6e]" started-at="2025-03-25T09:28:28 IST" name="down" finished-at="2025-03-25T09:28:28 IST" duration-ms="0" status="PASS">
          <reporter-output>
          </reporter-output>
        </test-method> <!-- down -->
      </class> <!-- Tests2.MyTest -->
    </test> <!-- Test -->
  </suite> <!-- Suite -->
</testng-results>
