<?xml version="1.0" encoding="UTF-8"?>
<!-- Generated by org.testng.reporters.JUnitReportReporter -->
<testsuite hostname="DESKTOP-UV55T36" failures="0" tests="4" name="Tests.Test3" time="-1745644800.000" errors="1" timestamp="2025-04-26T10:51:46 IST" skipped="1">
  <testcase classname="Tests.Test3" name="set" time="-1745644800.000">
    <error message="
Parameter &#039;browser&#039; is required by BeforeClass on method set but has not been marked @Optional or defined
in C:\Users\DELL\eclipse-workspace\TestNG2\testngtt.xml" type="org.testng.TestNGException">
      <![CDATA[org.testng.TestNGException: 
Parameter 'browser' is required by BeforeClass on method set but has not been marked @Optional or defined
in C:\Users\DELL\eclipse-workspace\TestNG2\testngtt.xml
at org.testng.internal.Parameters.createParams(Parameters.java:264)
at org.testng.internal.Parameters.createParametersForMethod(Parameters.java:352)
at org.testng.internal.Parameters.createParameters(Parameters.java:690)
at org.testng.internal.Parameters.createConfigurationParameters(Parameters.java:163)
at org.testng.internal.invokers.ConfigInvoker.invokeConfigurations(ConfigInvoker.java:313)
at org.testng.internal.invokers.TestMethodWorker.invokeBeforeClassMethods(TestMethodWorker.java:188)
at org.testng.internal.invokers.TestMethodWorker.run(TestMethodWorker.java:128)
at java.base/java.util.ArrayList.forEach(ArrayList.java:1597)
at org.testng.TestRunner.privateRun(TestRunner.java:739)
at org.testng.TestRunner.run(TestRunner.java:614)
at org.testng.SuiteRunner.runTest(SuiteRunner.java:421)
at org.testng.SuiteRunner$SuiteWorker.run(SuiteRunner.java:463)
at org.testng.internal.thread.ThreadUtil.lambda$execute$0(ThreadUtil.java:64)
at java.base/java.util.concurrent.FutureTask.run(FutureTask.java:317)
at java.base/java.util.concurrent.ThreadPoolExecutor.runWorker(ThreadPoolExecutor.java:1144)
at java.base/java.util.concurrent.ThreadPoolExecutor$Worker.run(ThreadPoolExecutor.java:642)
at java.base/java.lang.Thread.run(Thread.java:1575)
]]>
    </error>
  </testcase> <!-- set -->
  <testcase classname="Tests.Test3" name="test" time="0.251"/>
  <testcase classname="Tests.Test3" name="test" time="0.000">
    <skipped/>
  </testcase> <!-- test -->
  <testcase classname="Tests.Test3" name="test" time="0.195"/>
</testsuite> <!-- Tests.Test3 -->
